<?xml version="1.0" encoding="UTF-8"?>
<!-- Generated by org.testng.reporters.JUnitReportReporter -->
<testsuite hostname="Ronak" failures="0" tests="1" name="testCases.TC_RF_002" time="8.613" errors="0" timestamp="2025-07-29T12:41:56 IST" skipped="0">
  <testcase classname="testCases.TC_RF_002" name="testRegWithNo" time="8.613"/>
</testsuite> <!-- testCases.TC_RF_002 -->
