<?xml version="1.0" encoding="UTF-8"?>
<!-- Generated by org.testng.reporters.JUnitReportReporter -->
<testsuite hostname="Roank" failures="0" tests="1" name="testCases.TC002_LoginTest" time="2.544" errors="0" timestamp="2025-07-26T19:56:15 IST" skipped="0">
  <testcase classname="testCases.TC002_LoginTest" name="testLogin" time="2.544"/>
</testsuite> <!-- testCases.TC002_LoginTest -->
