<?xml version="1.0" encoding="UTF-8"?>
<!-- Generated by org.testng.reporters.JUnitReportReporter -->
<testsuite hostname="Roank" failures="0" tests="2" name="testCases.TC002_LoginTest" time="5.453" errors="0" timestamp="2025-07-28T12:31:39 IST" skipped="0">
  <testcase classname="testCases.TC002_LoginTest" name="testLogin" time="2.451"/>
  <testcase classname="testCases.TC002_LoginTest" name="testLogin" time="3.002"/>
</testsuite> <!-- testCases.TC002_LoginTest -->
