<?xml version="1.0" encoding="UTF-8"?>
<!-- Generated by org.testng.reporters.JUnitReportReporter -->
<testsuite hostname="Roank" failures="0" tests="1" name="testCases.TC001_AccountRegistrationTest" time="7.514" errors="0" timestamp="2025-07-27T13:21:14 IST" skipped="0">
  <testcase classname="testCases.TC001_AccountRegistrationTest" name="testReg" time="7.514"/>
</testsuite> <!-- testCases.TC001_AccountRegistrationTest -->
