<?xml version="1.0" encoding="UTF-8"?>
<!-- Generated by org.testng.reporters.JUnitReportReporter -->
<testsuite hostname="Roank" failures="0" tests="1" name="testCases.testRegistration" time="1.339" errors="0" timestamp="2025-07-21T20:59:42 IST" skipped="0">
  <testcase classname="testCases.testRegistration" name="testReg" time="1.339"/>
</testsuite> <!-- testCases.testRegistration -->
