<?xml version="1.0" encoding="UTF-8"?>
<!-- Generated by org.testng.reporters.JUnitReportReporter -->
<testsuite hostname="Roank" failures="0" tests="3" name="testCases.TC002_LoginTest" time="6.644" errors="0" timestamp="2025-07-27T17:10:28 IST" skipped="0">
  <testcase classname="testCases.TC002_LoginTest" name="testLogin" time="2.234"/>
  <testcase classname="testCases.TC002_LoginTest" name="testLogin" time="2.860"/>
  <testcase classname="testCases.TC002_LoginTest" name="testLogin" time="1.550"/>
</testsuite> <!-- testCases.TC002_LoginTest -->
