<?xml version="1.0" encoding="UTF-8"?>
<!-- Generated by org.testng.reporters.JUnitReportReporter -->
<testsuite hostname="Ronak" failures="0" tests="1" name="testCases.TC002_LoginTest" time="1.632" errors="0" timestamp="2025-07-29T14:20:44 IST" skipped="0">
  <testcase classname="testCases.TC002_LoginTest" name="testLogin" time="1.632"/>
</testsuite> <!-- testCases.TC002_LoginTest -->
