<?xml version="1.0" encoding="UTF-8"?>
<!-- Generated by org.testng.reporters.JUnitReportReporter -->
<testsuite hostname="Ronak" failures="0" tests="1" name="testCases.TC_ATC_001" time="5.838" errors="0" timestamp="2025-08-02T16:41:41 IST" skipped="0">
  <testcase classname="testCases.TC_ATC_001" name="testCart" time="5.838"/>
</testsuite> <!-- testCases.TC_ATC_001 -->
