<?xml version="1.0" encoding="UTF-8"?>
<!-- Generated by org.testng.reporters.JUnitReportReporter -->
<testsuite hostname="Roank" failures="0" tests="2" name="testCases.TC002_LoginTest" time="8.055" errors="0" timestamp="2025-07-27T23:09:32 IST" skipped="0">
  <testcase classname="testCases.TC002_LoginTest" name="testLogin" time="3.378"/>
  <testcase classname="testCases.TC002_LoginTest" name="testLogin" time="4.677"/>
</testsuite> <!-- testCases.TC002_LoginTest -->
