<?xml version="1.0" encoding="UTF-8"?>
<!-- Generated by org.testng.reporters.JUnitReportReporter -->
<testsuite hostname="Ronak" failures="0" tests="1" name="testCases.TC_PC_001" time="8.344" errors="0" timestamp="2025-08-02T16:48:09 IST" skipped="0">
  <testcase classname="testCases.TC_PC_001" name="testCompair" time="8.344"/>
</testsuite> <!-- testCases.TC_PC_001 -->
