<?xml version="1.0" encoding="UTF-8"?>
<!-- Generated by org.testng.reporters.JUnitReportReporter -->
<testsuite hostname="Ronak" failures="0" tests="1" name="testCases.TC002_LoginTest" time="4.221" errors="0" timestamp="2025-07-31T20:20:59 IST" skipped="0">
  <testcase classname="testCases.TC002_LoginTest" name="testLogin" time="4.221"/>
</testsuite> <!-- testCases.TC002_LoginTest -->
