<?xml version="1.0" encoding="UTF-8"?>
<!-- Generated by org.testng.reporters.JUnitReportReporter -->
<testsuite hostname="Roank" failures="0" tests="1" name="testCases.TC002_LoginTest" time="3.135" errors="0" timestamp="2025-07-28T19:53:56 IST" skipped="0">
  <testcase classname="testCases.TC002_LoginTest" name="testLogin" time="3.135"/>
</testsuite> <!-- testCases.TC002_LoginTest -->
