<?xml version="1.0" encoding="UTF-8"?>
<!-- Generated by org.testng.reporters.JUnitReportReporter -->
<testsuite hostname="Ronak" failures="0" tests="1" name="testCases.TC002_LoginTest" time="1.756" errors="0" timestamp="2025-08-02T12:42:00 IST" skipped="0">
  <testcase classname="testCases.TC002_LoginTest" name="testLogin" time="1.756"/>
</testsuite> <!-- testCases.TC002_LoginTest -->
