<?xml version="1.0" encoding="UTF-8"?>
<!-- Generated by org.testng.reporters.JUnitReportReporter -->
<testsuite hostname="Ronak" failures="0" tests="1" name="testCases.TC_RF_006" time="11.120" errors="0" timestamp="2025-07-31T20:16:52 IST" skipped="0">
  <testcase classname="testCases.TC_RF_006" name="testRegWithNo" time="11.120"/>
</testsuite> <!-- testCases.TC_RF_006 -->
