<?xml version="1.0" encoding="UTF-8"?>
<!-- Generated by org.testng.reporters.JUnitReportReporter -->
<testsuite hostname="Ronak" failures="0" tests="1" name="testCases.TC_RF_013" time="1.595" errors="0" timestamp="2025-08-02T16:48:09 IST" skipped="0">
  <testcase classname="testCases.TC_RF_013" name="testFieldPlaceholders" time="1.595"/>
</testsuite> <!-- testCases.TC_RF_013 -->
